Build started 2015-09-09 20:24:10.
     1>Project "C:\Users\Linus\Documents\3D-Programmering\Engine\Engine.vcxproj" on node 2 (Build target(s)).
     1>Link:
         C:\Program Files (x86)\Microsoft Visual Studio 12.0\VC\bin\link.exe /ERRORREPORT:PROMPT /OUT:"C:\Users\Linus\Documents\3D-Programmering\Debug\Engine.exe" /INCREMENTAL /NOLOGO d3dx10.lib kernel32.lib user32.lib gdi32.lib winspool.lib comdlg32.lib advapi32.lib shell32.lib ole32.lib oleaut32.lib uuid.lib odbc32.lib odbccp32.lib kernel32.lib user32.lib gdi32.lib winspool.lib comdlg32.lib advapi32.lib shell32.lib ole32.lib oleaut32.lib uuid.lib odbc32.lib odbccp32.lib /MANIFEST /MANIFESTUAC:"level='asInvoker' uiAccess='false'" /manifest:embed /DEBUG /PDB:"C:\Users\Linus\Documents\3D-Programmering\Debug\Engine.pdb" /SUBSYSTEM:WINDOWS /TLBID:1 /DYNAMICBASE /NXCOMPAT /IMPLIB:"C:\Users\Linus\Documents\3D-Programmering\Debug\Engine.lib" /MACHINE:X86 Debug\cameraclass.obj
         Debug\converter.obj
         Debug\depthshaderclass.obj
         Debug\lightclass.obj
         Debug\normalmapshaderclass.obj
         Debug\rendertextureclass.obj
         Debug\shadowshaderclass.obj
         Debug\textureclass.obj
         Debug\lightshaderclass.obj
         Debug\d3dclass.obj
         Debug\graphicsclass.obj
         Debug\inputclass.obj
         Debug\main.obj
         Debug\modelclass.obj
         Debug\systemclass.obj
         Engine.vcxproj -> C:\Users\Linus\Documents\3D-Programmering\Debug\Engine.exe
     1>Done Building Project "C:\Users\Linus\Documents\3D-Programmering\Engine\Engine.vcxproj" (Build target(s)).

Build succeeded.

Time Elapsed 00:00:00.31
