c:\users\linus\documents\3d-programmering\engine\debug\vc120.pdb
c:\users\linus\documents\3d-programmering\engine\debug\vc120.idb
c:\users\linus\documents\3d-programmering\engine\debug\cameraclass.obj
c:\users\linus\documents\3d-programmering\engine\debug\converter.obj
c:\users\linus\documents\3d-programmering\engine\debug\depthshaderclass.obj
c:\users\linus\documents\3d-programmering\engine\debug\lightclass.obj
c:\users\linus\documents\3d-programmering\engine\debug\normalmapshaderclass.obj
c:\users\linus\documents\3d-programmering\engine\debug\rendertextureclass.obj
c:\users\linus\documents\3d-programmering\engine\debug\shadowshaderclass.obj
c:\users\linus\documents\3d-programmering\engine\debug\textureclass.obj
c:\users\linus\documents\3d-programmering\engine\debug\lightshaderclass.obj
c:\users\linus\documents\3d-programmering\engine\debug\d3dclass.obj
c:\users\linus\documents\3d-programmering\engine\debug\graphicsclass.obj
c:\users\linus\documents\3d-programmering\engine\debug\inputclass.obj
c:\users\linus\documents\3d-programmering\engine\debug\main.obj
c:\users\linus\documents\3d-programmering\engine\debug\modelclass.obj
c:\users\linus\documents\3d-programmering\engine\debug\systemclass.obj
c:\users\linus\documents\3d-programmering\engine\debug\frustumclass.obj
c:\users\linus\documents\3d-programmering\engine\debug\terrainclass.obj
c:\users\linus\documents\3d-programmering\debug\depth.cso
c:\users\linus\documents\3d-programmering\debug\normalmap.cso
c:\users\linus\documents\3d-programmering\debug\shadow.cso
c:\users\linus\documents\3d-programmering\debug\engine.ilk
c:\users\linus\documents\3d-programmering\debug\engine.exe
c:\users\linus\documents\3d-programmering\debug\engine.pdb
c:\users\linus\documents\3d-programmering\engine\debug\engine.tlog\cl.command.1.tlog
c:\users\linus\documents\3d-programmering\engine\debug\engine.tlog\cl.read.1.tlog
c:\users\linus\documents\3d-programmering\engine\debug\engine.tlog\cl.write.1.tlog
c:\users\linus\documents\3d-programmering\engine\debug\engine.tlog\engine.write.1u.tlog
c:\users\linus\documents\3d-programmering\engine\debug\engine.tlog\fxc.command.1.tlog
c:\users\linus\documents\3d-programmering\engine\debug\engine.tlog\fxc.read.1.tlog
c:\users\linus\documents\3d-programmering\engine\debug\engine.tlog\fxc.write.1.tlog
c:\users\linus\documents\3d-programmering\engine\debug\engine.tlog\link-cvtres.read.1.tlog
c:\users\linus\documents\3d-programmering\engine\debug\engine.tlog\link-cvtres.write.1.tlog
c:\users\linus\documents\3d-programmering\engine\debug\engine.tlog\link-rc.read.1.tlog
c:\users\linus\documents\3d-programmering\engine\debug\engine.tlog\link-rc.write.1.tlog
c:\users\linus\documents\3d-programmering\engine\debug\engine.tlog\link.command.1.tlog
c:\users\linus\documents\3d-programmering\engine\debug\engine.tlog\link.read.1.tlog
c:\users\linus\documents\3d-programmering\engine\debug\engine.tlog\link.write.1.tlog
